<?xml version="1.0" encoding="UTF-8"?>
<!-- Generated by org.testng.reporters.JUnitReportReporter -->
<testsuite hostname="MAYTINH-6IQQQN0" name="tcLogin.database" tests="2" failures="0" timestamp="19 Apr 2018 00:53:29 GMT" time="0.143" errors="0">
  <testcase name="testqueryShowCustomers" time="0.048" classname="tcLogin.database"/>
  <testcase name="queryUpdateCustomer" time="0.095" classname="tcLogin.database"/>
</testsuite> <!-- tcLogin.database -->
